2023-04-05T17:42:55.374+07:00  INFO 27559 --- [main] com.example.demo.DemoApplication         : Starting DemoApplication using Java 20 with PID 27559 (/home/icon_user/Desktop/springsecuritytest/target/classes started by icon_user in /home/icon_user/Desktop/springsecuritytest)
2023-04-05T17:42:55.379+07:00  INFO 27559 --- [main] com.example.demo.DemoApplication         : No active profile set, falling back to 1 default profile: "default"
2023-04-05T17:42:56.173+07:00  INFO 27559 --- [main] .s.d.r.c.RepositoryConfigurationDelegate : Bootstrapping Spring Data JPA repositories in DEFAULT mode.
2023-04-05T17:42:56.229+07:00  INFO 27559 --- [main] .s.d.r.c.RepositoryConfigurationDelegate : Finished Spring Data repository scanning in 50 ms. Found 2 JPA repository interfaces.
2023-04-05T17:42:56.752+07:00  INFO 27559 --- [main] o.s.b.w.embedded.tomcat.TomcatWebServer  : Tomcat initialized with port(s): 8080 (http)
2023-04-05T17:42:56.762+07:00  INFO 27559 --- [main] o.apache.catalina.core.StandardService   : Starting service [Tomcat]
2023-04-05T17:42:56.762+07:00  INFO 27559 --- [main] o.apache.catalina.core.StandardEngine    : Starting Servlet engine: [Apache Tomcat/10.1.7]
2023-04-05T17:42:56.833+07:00  INFO 27559 --- [main] o.a.c.c.C.[Tomcat].[localhost].[/]       : Initializing Spring embedded WebApplicationContext
2023-04-05T17:42:56.833+07:00  INFO 27559 --- [main] w.s.c.ServletWebServerApplicationContext : Root WebApplicationContext: initialization completed in 1383 ms
2023-04-05T17:42:56.905+07:00  INFO 27559 --- [main] com.zaxxer.hikari.HikariDataSource       : HikariPool-1 - Starting...
2023-04-05T17:42:57.224+07:00  INFO 27559 --- [main] com.zaxxer.hikari.pool.HikariPool        : HikariPool-1 - Added connection com.mysql.cj.jdbc.ConnectionImpl@41b64020
2023-04-05T17:42:57.225+07:00  INFO 27559 --- [main] com.zaxxer.hikari.HikariDataSource       : HikariPool-1 - Start completed.
2023-04-05T17:42:57.324+07:00  INFO 27559 --- [main] o.hibernate.jpa.internal.util.LogHelper  : HHH000204: Processing PersistenceUnitInfo [name: default]
2023-04-05T17:42:57.403+07:00  INFO 27559 --- [main] org.hibernate.Version                    : HHH000412: Hibernate ORM core version 6.1.7.Final
2023-04-05T17:42:57.630+07:00  WARN 27559 --- [main] org.hibernate.dialect.Dialect            : HHH000511: The 5.0.0 version for [org.hibernate.dialect.MySQL5Dialect] is no longer supported, hence certain features may not work properly. The minimum supported version is 5.7.0. Check the community dialects project for available legacy versions.
2023-04-05T17:42:57.631+07:00  INFO 27559 --- [main] SQL dialect                              : HHH000400: Using dialect: org.hibernate.dialect.MySQL5Dialect
2023-04-05T17:42:57.633+07:00  WARN 27559 --- [main] org.hibernate.orm.deprecation            : HHH90000026: MySQL5Dialect has been deprecated; use org.hibernate.dialect.MySQLDialect instead
2023-04-05T17:42:58.382+07:00  INFO 27559 --- [main] o.h.e.t.j.p.i.JtaPlatformInitiator       : HHH000490: Using JtaPlatform implementation: [org.hibernate.engine.transaction.jta.platform.internal.NoJtaPlatform]
2023-04-05T17:42:58.389+07:00  INFO 27559 --- [main] j.LocalContainerEntityManagerFactoryBean : Initialized JPA EntityManagerFactory for persistence unit 'default'
2023-04-05T17:42:58.728+07:00  WARN 27559 --- [main] ConfigServletWebServerApplicationContext : Exception encountered during context initialization - cancelling refresh attempt: org.springframework.beans.factory.UnsatisfiedDependencyException: Error creating bean with name 'userService' defined in file [/home/icon_user/Desktop/springsecuritytest/target/classes/com/example/demo/services/UserService.class]: Unsatisfied dependency expressed through constructor parameter 0: No qualifying bean of type 'org.springframework.security.authentication.AuthenticationManager' available: expected at least 1 bean which qualifies as autowire candidate. Dependency annotations: {}
2023-04-05T17:42:58.729+07:00  INFO 27559 --- [main] j.LocalContainerEntityManagerFactoryBean : Closing JPA EntityManagerFactory for persistence unit 'default'
2023-04-05T17:42:58.729+07:00  INFO 27559 --- [main] .SchemaDropperImpl$DelayedDropActionImpl : HHH000477: Starting delayed evictData of schema as part of SessionFactory shut-down'
2023-04-05T17:42:58.759+07:00  INFO 27559 --- [main] com.zaxxer.hikari.HikariDataSource       : HikariPool-1 - Shutdown initiated...
2023-04-05T17:42:58.765+07:00  INFO 27559 --- [main] com.zaxxer.hikari.HikariDataSource       : HikariPool-1 - Shutdown completed.
2023-04-05T17:42:58.767+07:00  INFO 27559 --- [main] o.apache.catalina.core.StandardService   : Stopping service [Tomcat]
2023-04-05T17:42:58.779+07:00  INFO 27559 --- [main] .s.b.a.l.ConditionEvaluationReportLogger : 

Error starting ApplicationContext. To display the condition evaluation report re-run your application with 'debug' enabled.
2023-04-05T17:42:58.797+07:00 ERROR 27559 --- [main] o.s.b.d.LoggingFailureAnalysisReporter   : 

***************************
APPLICATION FAILED TO START
***************************

Description:

Parameter 0 of constructor in com.example.demo.services.UserService required a bean of type 'org.springframework.security.authentication.AuthenticationManager' that could not be found.


Action:

Consider defining a bean of type 'org.springframework.security.authentication.AuthenticationManager' in your configuration.

